<?xml version="1.0" encoding="UTF-8"?>
<!-- Generated by org.testng.reporters.JUnitReportReporter -->
<testsuite hostname="DESKTOP-G8O6OG0" failures="0" tests="4" name="com.Assignments.LoginToOHRM" time="13.246" errors="0" timestamp="2025-02-07T21:47:19 IST" skipped="0">
  <testcase classname="com.Assignments.LoginToOHRM" name="loginToOHRM1" time="4.630"/>
  <testcase classname="com.Assignments.LoginToOHRM" name="loginToOHRM4" time="1.633"/>
  <testcase classname="com.Assignments.LoginToOHRM" name="loginToOHRM2" time="3.143"/>
  <testcase classname="com.Assignments.LoginToOHRM" name="loginToOHRM3" time="3.840"/>
</testsuite> <!-- com.Assignments.LoginToOHRM -->
