<?xml version="1.0" encoding="UTF-8"?>
<!-- Generated by org.testng.reporters.JUnitReportReporter -->
<testsuite hostname="DESKTOP-G8O6OG0" failures="0" tests="1" name="com.TestNGDemos.D12CreateFriendsData" time="0.114" errors="0" timestamp="2025-02-14T21:14:58 IST" skipped="0">
  <testcase classname="com.TestNGDemos.D12CreateFriendsData" name="writeFriendsData" time="0.114"/>
</testsuite> <!-- com.TestNGDemos.D12CreateFriendsData -->
