<?xml version="1.0" encoding="UTF-8"?>
<!-- Generated by org.testng.reporters.JUnitReportReporter -->
<testsuite hostname="DESKTOP-G8O6OG0" failures="0" tests="4" name="com.TestNGDemos.D03BeforeTest_AfterTest" time="14.326" errors="0" timestamp="2025-02-07T21:00:35 IST" skipped="0">
  <testcase classname="com.TestNGDemos.D03BeforeTest_AfterTest" name="testH_M" time="2.288"/>
  <testcase classname="com.TestNGDemos.D03BeforeTest_AfterTest" name="testMyntra" time="3.905"/>
  <testcase classname="com.TestNGDemos.D03BeforeTest_AfterTest" name="testAmazon" time="1.947"/>
  <testcase classname="com.TestNGDemos.D03BeforeTest_AfterTest" name="testUrbanic" time="6.186"/>
</testsuite> <!-- com.TestNGDemos.D03BeforeTest_AfterTest -->
