<?xml version="1.0" encoding="UTF-8"?>
<!-- Generated by org.testng.reporters.JUnitReportReporter -->
<testsuite hostname="DESKTOP-G8O6OG0" failures="0" tests="2" name="com.TestNGDemos.D05AmazonAssignment" time="17.381" errors="0" timestamp="2025-02-12T21:47:10 IST" skipped="0">
  <testcase classname="com.TestNGDemos.D05AmazonAssignment" name="testSellLink" time="13.033"/>
  <testcase classname="com.TestNGDemos.D05AmazonAssignment" name="testBestSellerLink" time="4.348"/>
</testsuite> <!-- com.TestNGDemos.D05AmazonAssignment -->
