<?xml version="1.0" encoding="UTF-8"?>
<!-- Generated by org.testng.reporters.JUnitReportReporter -->
<testsuite hostname="DESKTOP-G8O6OG0" failures="0" tests="1" name="com.TestNGDemos.D09KeywordDrivenFramework" time="5.712" errors="0" timestamp="2025-02-13T20:48:43 IST" skipped="0">
  <testcase classname="com.TestNGDemos.D09KeywordDrivenFramework" name="createAccount" time="5.712"/>
</testsuite> <!-- com.TestNGDemos.D09KeywordDrivenFramework -->
