<?xml version="1.0" encoding="UTF-8"?>
<!-- Generated by org.testng.reporters.JUnitReportReporter -->
<testsuite hostname="DESKTOP-G8O6OG0" failures="0" tests="1" name="com.TestNGDemos.D01FirstTest" time="10.035" errors="0" timestamp="2025-02-06T22:15:50 IST" skipped="0">
  <testcase classname="com.TestNGDemos.D01FirstTest" name="firstTest" time="10.035"/>
</testsuite> <!-- com.TestNGDemos.D01FirstTest -->
