<?xml version="1.0" encoding="UTF-8"?>
<!-- Generated by org.testng.reporters.JUnitReportReporter -->
<testsuite hostname="DESKTOP-G8O6OG0" failures="0" tests="4" name="com.TestNGDemos.D13CreateLoginFile" time="0.038" errors="0" timestamp="2025-02-14T21:35:16 IST" skipped="0">
  <testcase classname="com.TestNGDemos.D13CreateLoginFile" name="createLoginFile" time="0.009"/>
  <testcase classname="com.TestNGDemos.D13CreateLoginFile" name="createLoginFile" time="0.010"/>
  <testcase classname="com.TestNGDemos.D13CreateLoginFile" name="createLoginFile" time="0.014"/>
  <testcase classname="com.TestNGDemos.D13CreateLoginFile" name="createLoginFile" time="0.005"/>
</testsuite> <!-- com.TestNGDemos.D13CreateLoginFile -->
