<?xml version="1.0" encoding="UTF-8"?>
<!-- Generated by org.testng.reporters.JUnitReportReporter -->
<testsuite hostname="DESKTOP-G8O6OG0" failures="0" tests="4" name="com.TestNGDemos.D04Before_AfterMethod" time="13.378" errors="0" timestamp="2025-02-07T21:24:21 IST" skipped="0">
  <testcase classname="com.TestNGDemos.D04Before_AfterMethod" name="testH_M" time="2.111"/>
  <testcase classname="com.TestNGDemos.D04Before_AfterMethod" name="testMyntra" time="4.069"/>
  <testcase classname="com.TestNGDemos.D04Before_AfterMethod" name="testAmazon" time="0.606"/>
  <testcase classname="com.TestNGDemos.D04Before_AfterMethod" name="testUrbanic" time="6.592"/>
</testsuite> <!-- com.TestNGDemos.D04Before_AfterMethod -->
