<?xml version="1.0" encoding="UTF-8"?>
<!-- Generated by org.testng.reporters.JUnitReportReporter -->
<testsuite hostname="DESKTOP-G8O6OG0" failures="0" tests="6" name="com.TestNGDemos.D15LoginToOHRM_DDF" time="0.026" errors="0" timestamp="2025-02-14T22:21:30 IST" skipped="0">
  <testcase classname="com.TestNGDemos.D15LoginToOHRM_DDF" name="loginToOHROM" time="0.010"/>
  <testcase classname="com.TestNGDemos.D15LoginToOHRM_DDF" name="loginToOHROM" time="0.005"/>
  <testcase classname="com.TestNGDemos.D15LoginToOHRM_DDF" name="loginToOHROM" time="0.002"/>
  <testcase classname="com.TestNGDemos.D15LoginToOHRM_DDF" name="loginToOHROM" time="0.003"/>
  <testcase classname="com.TestNGDemos.D15LoginToOHRM_DDF" name="loginToOHROM" time="0.003"/>
  <testcase classname="com.TestNGDemos.D15LoginToOHRM_DDF" name="loginToOHROM" time="0.003"/>
</testsuite> <!-- com.TestNGDemos.D15LoginToOHRM_DDF -->
