<?xml version="1.0" encoding="UTF-8"?>
<!-- Generated by org.testng.reporters.JUnitReportReporter -->
<testsuite hostname="DESKTOP-G8O6OG0" failures="0" tests="1" name="com.Assignments.LoginToOHRM" time="5.554" errors="0" timestamp="2025-02-12T21:19:30 IST" skipped="0">
  <testcase classname="com.Assignments.LoginToOHRM" name="loginToOHRM1" time="5.554"/>
</testsuite> <!-- com.Assignments.LoginToOHRM -->
