<?xml version="1.0" encoding="UTF-8"?>
<!-- Generated by org.testng.reporters.JUnitReportReporter -->
<testsuite hostname="DESKTOP-G8O6OG0" failures="0" tests="3" name="com.TestNGDemos.D14ReadData" time="0.021" errors="0" timestamp="2025-02-14T22:04:40 IST" skipped="1">
  <testcase classname="com.TestNGDemos.D14ReadData" name="readMultiple" time="0.018"/>
  <testcase classname="com.TestNGDemos.D14ReadData" name="readPassword" time="0.003"/>
  <testcase classname="com.TestNGDemos.D14ReadData" name="readData">
    <skipped/>
  </testcase> <!-- readData -->
</testsuite> <!-- com.TestNGDemos.D14ReadData -->
