<?xml version="1.0" encoding="UTF-8"?>
<!-- Generated by org.testng.reporters.JUnitReportReporter -->
<testsuite hostname="DESKTOP-G8O6OG0" failures="0" tests="1" name="com.Assignments.A09ReadingNumbersFromExcel" time="0.018" errors="0" timestamp="2025-02-17T21:06:32 IST" skipped="0">
  <testcase classname="com.Assignments.A09ReadingNumbersFromExcel" name="readData" time="0.018"/>
</testsuite> <!-- com.Assignments.A09ReadingNumbersFromExcel -->
