<?xml version="1.0" encoding="UTF-8"?>
<!-- Generated by org.testng.reporters.JUnitReportReporter -->
<testsuite hostname="DESKTOP-G8O6OG0" failures="0" tests="4" name="com.TestNGDemos.D02LaunchShoppingApps" time="103.220" errors="0" timestamp="2025-02-12T21:58:40 IST" skipped="0">
  <testcase classname="com.TestNGDemos.D02LaunchShoppingApps" name="testH_M" time="17.271"/>
  <testcase classname="com.TestNGDemos.D02LaunchShoppingApps" name="testFlipkart" time="33.780"/>
  <testcase classname="com.TestNGDemos.D02LaunchShoppingApps" name="testMyntra" time="36.166"/>
  <testcase classname="com.TestNGDemos.D02LaunchShoppingApps" name="testUrbanic" time="16.003"/>
</testsuite> <!-- com.TestNGDemos.D02LaunchShoppingApps -->
