<?xml version="1.0" encoding="UTF-8"?>
<!-- Generated by org.testng.reporters.JUnitReportReporter -->
<testsuite hostname="DESKTOP-G8O6OG0" failures="0" tests="1" name="com.TestNGDemos.D11WriteToExcel" time="0.078" errors="0" timestamp="2025-02-14T20:59:58 IST" skipped="0">
  <testcase classname="com.TestNGDemos.D11WriteToExcel" name="WriteData" time="0.078"/>
</testsuite> <!-- com.TestNGDemos.D11WriteToExcel -->
