<?xml version="1.0" encoding="UTF-8"?>
<!-- Generated by org.testng.reporters.JUnitReportReporter -->
<testsuite hostname="DESKTOP-G8O6OG0" failures="0" tests="4" name="com.TestNGDemos.D02LaunchShoppingApps" time="27.703" errors="0" timestamp="2025-02-06T22:21:56 IST" skipped="0">
  <testcase classname="com.TestNGDemos.D02LaunchShoppingApps" name="testAmazon" time="4.246"/>
  <testcase classname="com.TestNGDemos.D02LaunchShoppingApps" name="testUrbanic" time="11.745"/>
  <testcase classname="com.TestNGDemos.D02LaunchShoppingApps" name="testMyntra" time="6.448"/>
  <testcase classname="com.TestNGDemos.D02LaunchShoppingApps" name="testH_M" time="5.264"/>
</testsuite> <!-- com.TestNGDemos.D02LaunchShoppingApps -->
