<?xml version="1.0" encoding="UTF-8"?>
<!-- Generated by org.testng.reporters.JUnitReportReporter -->
<testsuite hostname="DESKTOP-G8O6OG0" failures="0" tests="1" name="com.TestNGDemos.D10PracticeTest_Client" time="6.953" errors="0" timestamp="2025-02-13T21:43:15 IST" skipped="0">
  <testcase classname="com.TestNGDemos.D10PracticeTest_Client" name="loginLogout" time="6.953"/>
</testsuite> <!-- com.TestNGDemos.D10PracticeTest_Client -->
