<?xml version="1.0" encoding="UTF-8"?>
<!-- Generated by org.testng.reporters.JUnitReportReporter -->
<testsuite hostname="DESKTOP-G8O6OG0" failures="0" tests="4" name="com.TestNGDemos.D02LaunchShoppingApps" time="26.543" errors="0" timestamp="2025-02-07T20:39:01 IST" skipped="0">
  <testcase classname="com.TestNGDemos.D02LaunchShoppingApps" name="testH_M" time="5.935"/>
  <testcase classname="com.TestNGDemos.D02LaunchShoppingApps" name="testAmazon" time="4.282"/>
  <testcase classname="com.TestNGDemos.D02LaunchShoppingApps" name="testMyntra" time="6.885"/>
  <testcase classname="com.TestNGDemos.D02LaunchShoppingApps" name="testUrbanic" time="9.441"/>
</testsuite> <!-- com.TestNGDemos.D02LaunchShoppingApps -->
