<?xml version="1.0" encoding="UTF-8"?>
<!-- Generated by org.testng.reporters.JUnitReportReporter -->
<testsuite hostname="DESKTOP-G8O6OG0" failures="0" tests="1" name="com.TestNGDemos.D08ReadFromXML" time="1.763" errors="0" timestamp="2025-02-12T22:12:20 IST" skipped="0">
  <testcase classname="com.TestNGDemos.D08ReadFromXML" name="login" time="1.763"/>
</testsuite> <!-- com.TestNGDemos.D08ReadFromXML -->
