<?xml version="1.0" encoding="UTF-8"?>
<!-- Generated by org.testng.reporters.JUnitReportReporter -->
<testsuite hostname="DESKTOP-G8O6OG0" failures="0" tests="1" name="com.MyTests.D02MySimpleTestNGClass" time="0.011" errors="0" timestamp="2025-02-19T20:27:58 IST" skipped="0">
  <testcase classname="com.MyTests.D02MySimpleTestNGClass" name="myTest" time="0.011"/>
</testsuite> <!-- com.MyTests.D02MySimpleTestNGClass -->
