<?xml version="1.0" encoding="UTF-8"?>
<!-- Generated by org.testng.reporters.JUnitReportReporter -->
<testsuite hostname="DESKTOP-G8O6OG0" failures="0" tests="3" name="com.MyTests.D04GetData" time="0.021" errors="0" timestamp="2025-02-19T20:52:38 IST" skipped="0">
  <testcase classname="com.MyTests.D04GetData" name="displayData" time="0.012"/>
  <testcase classname="com.MyTests.D04GetData" name="displayData" time="0.005"/>
  <testcase classname="com.MyTests.D04GetData" name="displayData" time="0.004"/>
</testsuite> <!-- com.MyTests.D04GetData -->
