<?xml version="1.0" encoding="UTF-8"?>
<!-- Generated by org.testng.reporters.JUnitReportReporter -->
<testsuite hostname="DESKTOP-G8O6OG0" failures="0" tests="6" name="com.MyTests.D03LoginToOHRM_DDF" time="18.744" errors="0" timestamp="2025-02-19T20:43:59 IST" skipped="0">
  <testcase classname="com.MyTests.D03LoginToOHRM_DDF" name="loginToOHROM" time="1.807"/>
  <testcase classname="com.MyTests.D03LoginToOHRM_DDF" name="loginToOHROM" time="2.466"/>
  <testcase classname="com.MyTests.D03LoginToOHRM_DDF" name="loginToOHROM" time="5.332"/>
  <testcase classname="com.MyTests.D03LoginToOHRM_DDF" name="loginToOHROM" time="1.582"/>
  <testcase classname="com.MyTests.D03LoginToOHRM_DDF" name="loginToOHROM" time="2.863"/>
  <testcase classname="com.MyTests.D03LoginToOHRM_DDF" name="loginToOHROM" time="4.694"/>
</testsuite> <!-- com.MyTests.D03LoginToOHRM_DDF -->
